<?xml version="1.0" encoding="utf-8"?><testsuites name="pytest tests"><testsuite name="pytest" errors="0" failures="0" skipped="0" tests="104" time="1534.313" timestamp="2026-08-30T14:20:10.272223+08:00" hostname="LAPTOP-F3LG6ODG"><testcase classname="tests.integration.test_dataset" name="test_dataset_loads_and_covers_categories" time="0.052" /><testcase classname="tests.integration.test_dataset" name="test_all_reference_pairs_differentially_consistent" time="67.051" /><testcase classname="tests.integration.test_dataset" name="test_all_modes_smoke" time="9.977" /><testcase classname="tests.integration.test_dataset" name="test_mock_provider_serves_all_basic_agents" time="0.101" /><testcase classname="tests.integration.test_eval" name="test_eval_mock_three_problems" time="187.605" /><testcase classname="tests.integration.test_eval" name="test_eval_mock_with_idea_mutants" time="273.192" /><testcase classname="tests.integration.test_fuzz" name="test_planted_bug_is_found" time="4.332" /><testcase classname="tests.integration.test_fuzz" name="test_seed_reproducibility" time="0.773" /><testcase classname="tests.integration.test_fuzz" name="test_correct_std_passes" time="6.695" /><testcase classname="tests.integration.test_fuzz_validity" name="test_fuzz_fails_when_zero_valid_cases" time="10.612" /><testcase classname="tests.integration.test_fuzz_validity" name="test_fuzz_fails_when_oracle_crashes" time="8.481" /><testcase classname="tests.integration.test_fuzz_validity" name="test_fuzz_fails_when_generator_failure_ratio_too_high" time="7.490" /><testcase classname="tests.integration.test_fuzz_validity" name="test_invalid_generated_case_not_counted_as_fuzz_case" time="9.797" /><testcase classname="tests.integration.test_fuzz_validity" name="test_mode_coverage_and_skip_reasons" time="9.877" /><testcase classname="tests.integration.test_fuzz_validity" name="test_fresh_holdout_runs_after_repair" time="19.715" /><testcase classname="tests.integration.test_fuzz_validity" name="test_shrinker_rejects_invalid_candidate" time="0.003" /><testcase classname="tests.integration.test_gen_params" name="test_params_json_reaches_generator" time="0.079" /><testcase classname="tests.integration.test_gen_params" name="test_n_kwarg_still_works" time="0.078" /><testcase classname="tests.integration.test_gen_params" name="test_legacy_gen_falls_back_to_n" time="0.152" /><testcase classname="tests.integration.test_gen_params" name="test_strategy_params_reach_corpus_generation" time="0.147" /><testcase classname="tests.integration.test_kill_matrix_dedup" name="test_kill_records_unique_per_pair" time="16.557" /><testcase classname="tests.integration.test_kill_matrix_dedup" name="test_ordering_prefers_targeted_strategies" time="0.001" /><testcase classname="tests.integration.test_kill_matrix_dedup" name="test_target_mutant_ids_reach_test_designer_prompt" time="0.003" /><testcase classname="tests.integration.test_pipeline" name="test_full_pipeline_offline" time="331.758" /><testcase classname="tests.integration.test_pipeline" name="test_buggy_std_fails_with_counterexample" time="20.772" /><testcase classname="tests.integration.test_pipeline" name="test_resume_from_node" time="323.134" /><testcase classname="tests.integration.test_repair_persistence" name="test_repaired_std_persisted_to_manifest" time="18.865" /><testcase classname="tests.integration.test_resume_snapshot" name="test_resume_uses_snapshotted_config" time="91.587" /><testcase classname="tests.integration.test_resume_snapshot" name="test_resume_with_override_config" time="87.311" /><testcase classname="tests.integration.test_runner" name="test_compile_and_run" time="1.636" /><testcase classname="tests.integration.test_runner" name="test_timeout_returns_tle" time="2.623" /><testcase classname="tests.integration.test_runner" name="test_nonzero_exit_is_re" time="1.642" /><testcase classname="tests.integration.test_runner" name="test_compile_error_returns_not_ok" time="0.059" /><testcase classname="tests.integration.test_runner" name="test_output_limit_protection" time="5.832" /><testcase classname="tests.integration.test_survivor" name="test_survivor_analysis_loop" time="15.760" /><testcase classname="tests.unit.test_checker" name="test_exact_checker_rejects_near_integer" time="0.001" /><testcase classname="tests.unit.test_checker" name="test_exact_checker_rejects_leading_zeros" time="0.001" /><testcase classname="tests.unit.test_checker" name="test_exact_checker_accepts_whitespace_difference" time="0.001" /><testcase classname="tests.unit.test_checker" name="test_exact_checker_rejects_token_count_mismatch" time="0.001" /><testcase classname="tests.unit.test_checker" name="test_float_checker_accepts_small_error" time="0.001" /><testcase classname="tests.unit.test_checker" name="test_float_checker_rejects_large_error" time="0.001" /><testcase classname="tests.unit.test_checker" name="test_float_checker_rejects_near_integer_under_tight_eps" time="0.001" /><testcase classname="tests.unit.test_checker" name="test_module_default_is_exact" time="0.001" /><testcase classname="tests.unit.test_checker" name="test_make_checker_from_spec_config" time="0.001" /><testcase classname="tests.unit.test_config" name="test_defaults" time="0.001" /><testcase classname="tests.unit.test_config" name="test_yaml_override" time="0.010" /><testcase classname="tests.unit.test_config" name="test_invalid_yaml_raises" time="0.011" /><testcase classname="tests.unit.test_config" name="test_unknown_key_rejected" time="0.011" /><testcase classname="tests.unit.test_failure_classifier" name="test_completed_no_primary" time="0.001" /><testcase classname="tests.unit.test_failure_classifier" name="test_spec_invalid" time="0.001" /><testcase classname="tests.unit.test_failure_classifier" name="test_llm_error_vs_parse_error" time="0.001" /><testcase classname="tests.unit.test_failure_classifier" name="test_compile_errors" time="0.001" /><testcase classname="tests.unit.test_failure_classifier" name="test_std_logic_vs_repair_failed" time="0.001" /><testcase classname="tests.unit.test_failure_classifier" name="test_tests_too_weak_secondary_on_success" time="0.001" /><testcase classname="tests.unit.test_failure_classifier" name="test_tle_survived_secondary" time="0.001" /><testcase classname="tests.unit.test_failure_classifier" name="test_unknown_node" time="0.001" /><testcase classname="tests.unit.test_hardening_infra" name="test_atomic_json_write" time="0.013" /><testcase classname="tests.unit.test_hardening_infra" name="test_atomic_json_overwrite_replaces" time="0.014" /><testcase classname="tests.unit.test_hardening_infra" name="test_artifact_ids_are_unique" time="0.024" /><testcase classname="tests.unit.test_hardening_infra" name="test_docker_runner_skeleton_isolation_flags" time="0.001" /><testcase classname="tests.unit.test_hardening_infra" name="test_docker_runner_refuses_without_docker" time="0.034" /><testcase classname="tests.unit.test_hardening_infra" name="test_docker_runner_exec_layer_is_honest_skeleton" time="0.023" /><testcase classname="tests.unit.test_models" name="test_minimal_spec_ok" time="0.001" /><testcase classname="tests.unit.test_models" name="test_slug_pattern_enforced" time="0.001" /><testcase classname="tests.unit.test_models" name="test_samples_required" time="0.001" /><testcase classname="tests.unit.test_models" name="test_task_required" time="0.001" /><testcase classname="tests.unit.test_models" name="test_limits_positive" time="0.001" /><testcase classname="tests.unit.test_models" name="test_example_spec_loads" time="0.007" /><testcase classname="tests.unit.test_mutant_semantics" name="test_tle_mutant_wa_does_not_count_as_complexity_kill" time="0.001" /><testcase classname="tests.unit.test_mutant_semantics" name="test_tle_mutant_actual_tle_counts_as_complexity_kill" time="0.001" /><testcase classname="tests.unit.test_mutant_semantics" name="test_invalid_slow_solution_not_counted_as_tle_mutant" time="0.001" /><testcase classname="tests.unit.test_mutant_semantics" name="test_no_small_executions_means_invalid" time="0.001" /><testcase classname="tests.unit.test_mutant_semantics" name="test_mle_expected_verdict_is_preserved" time="0.001" /><testcase classname="tests.unit.test_mutant_semantics" name="test_parse_verdict_handles_manifest_shapes" time="0.001" /><testcase classname="tests.unit.test_mutation" name="test_mutations_produced" time="0.001" /><testcase classname="tests.unit.test_mutation" name="test_each_mutation_differs_and_single_site" time="0.001" /><testcase classname="tests.unit.test_mutation" name="test_for_headers_not_mutated" time="0.001" /><testcase classname="tests.unit.test_mutation" name="test_max_sites_respected" time="0.001" /><testcase classname="tests.unit.test_mutation" name="test_source_without_sites_yields_nothing" time="0.001" /><testcase classname="tests.unit.test_selection" name="test_is_kill" time="0.001" /><testcase classname="tests.unit.test_selection" name="test_greedy_select_covers_all" time="0.001" /><testcase classname="tests.unit.test_selection" name="test_greedy_select_minimal_set" time="0.001" /><testcase classname="tests.unit.test_selection" name="test_must_include_always_selected" time="0.001" /><testcase classname="tests.unit.test_selection" name="test_unkillable_reported" time="0.001" /><testcase classname="tests.unit.test_selection" name="test_empty_mutants" time="0.001" /><testcase classname="tests.unit.test_selection" name="test_summary" time="0.001" /><testcase classname="tests.unit.test_shrinker" name="test_line_removal_keeps_failure" time="0.001" /><testcase classname="tests.unit.test_shrinker" name="test_no_shrink_when_no_failure_possible" time="0.001" /><testcase classname="tests.unit.test_shrinker" name="test_token_shrink_reduces_numbers" time="0.001" /><testcase classname="tests.unit.test_shrinker" name="test_max_evals_respected" time="0.001" /><testcase classname="tests.unit.test_shrinker" name="test_predicate_always_reverified" time="0.001" /><testcase classname="tests.unit.test_validator" name="test_empty_input_fails" time="0.001" /><testcase classname="tests.unit.test_validator" name="test_n_out_of_range_fails" time="0.001" /><testcase classname="tests.unit.test_validator" name="test_n_in_range_passes" time="0.001" /><testcase classname="tests.unit.test_validator" name="test_value_out_of_range_fails" time="0.001" /><testcase classname="tests.unit.test_validator" name="test_shrunk_input_losing_n_line_is_caught_when_detectable" time="0.001" /><testcase classname="tests.unit.test_validator" name="test_non_integer_tokens_unknown" time="0.001" /><testcase classname="tests.unit.test_validator" name="test_multi_token_first_line_skips_n_check" time="0.001" /><testcase classname="tests.unit.test_validator" name="test_no_applicable_checks_unknown" time="0.001" /><testcase classname="tests.unit.test_workspace" name="test_run_isolation" time="0.012" /><testcase classname="tests.unit.test_workspace" name="test_write_new_refuses_overwrite" time="0.015" /><testcase classname="tests.unit.test_workspace" name="test_version_paths_never_overlap" time="0.012" /><testcase classname="tests.unit.test_workspace" name="test_artifact_registry_records_sha256" time="0.019" /><testcase classname="tests.unit.test_workspace" name="test_manifest_roundtrip" time="0.016" /></testsuite></testsuites>